Using pre-set license
Built from '2021.3/staging' branch; Version is '2021.3.9f1 (ad3870b89536) revision 11352176'; Using compiler version '192829333'; Build Type 'Release'
OS: 'Windows 11  (10.0.22000) 64bit Education' Language: 'en' Physical Memory: 16331 MB
BatchMode: 1, IsHumanControllingUs: 0, StartBugReporterOnCrash: 0, Is64bit: 1, IsPro: 1

COMMAND LINE ARGUMENTS:
C:\Program Files\Unity\Hub\Editor\2021.3.9f1\Editor\Unity.exe
-adb2
-batchMode
-noUpm
-name
AssetImportWorker0
-projectPath
C:/Users/Aulas/Documents/GitHub/OkapiKit
-logFile
Logs/AssetImportWorker0.log
-srvPort
60919
Successfully changed project path to: C:/Users/Aulas/Documents/GitHub/OkapiKit
C:/Users/Aulas/Documents/GitHub/OkapiKit
[UnityMemory] Configuration Parameters - Can be set up in boot.config
    "memorysetup-bucket-allocator-granularity=16"
    "memorysetup-bucket-allocator-bucket-count=8"
    "memorysetup-bucket-allocator-block-size=33554432"
    "memorysetup-bucket-allocator-block-count=8"
    "memorysetup-main-allocator-block-size=16777216"
    "memorysetup-thread-allocator-block-size=16777216"
    "memorysetup-gfx-main-allocator-block-size=16777216"
    "memorysetup-gfx-thread-allocator-block-size=16777216"
    "memorysetup-cache-allocator-block-size=4194304"
    "memorysetup-typetree-allocator-block-size=2097152"
    "memorysetup-profiler-bucket-allocator-granularity=16"
    "memorysetup-profiler-bucket-allocator-bucket-count=8"
    "memorysetup-profiler-bucket-allocator-block-size=33554432"
    "memorysetup-profiler-bucket-allocator-block-count=8"
    "memorysetup-profiler-allocator-block-size=16777216"
    "memorysetup-profiler-editor-allocator-block-size=1048576"
    "memorysetup-temp-allocator-size-main=16777216"
    "memorysetup-job-temp-allocator-block-size=2097152"
    "memorysetup-job-temp-allocator-block-size-background=1048576"
    "memorysetup-job-temp-allocator-reduction-small-platforms=262144"
    "memorysetup-temp-allocator-size-background-worker=32768"
    "memorysetup-temp-allocator-size-job-worker=262144"
    "memorysetup-temp-allocator-size-preload-manager=33554432"
    "memorysetup-temp-allocator-size-nav-mesh-worker=65536"
    "memorysetup-temp-allocator-size-audio-worker=65536"
    "memorysetup-temp-allocator-size-cloud-worker=32768"
    "memorysetup-temp-allocator-size-gi-baking-worker=262144"
    "memorysetup-temp-allocator-size-gfx=262144"
Refreshing native plugins compatible for Editor in 104.55 ms, found 4 plugins.
Preloading 0 native plugins for Editor in 0.00 ms.
Initialize engine version: 2021.3.9f1 (ad3870b89536)
[Subsystems] Discovering subsystems at path C:/Program Files/Unity/Hub/Editor/2021.3.9f1/Editor/Data/Resources/UnitySubsystems
[Subsystems] Discovering subsystems at path C:/Users/Aulas/Documents/GitHub/OkapiKit/Assets
GfxDevice: creating device client; threaded=0; jobified=0
Direct3D:
    Version:  Direct3D 11.0 [level 11.1]
    Renderer: NVIDIA GeForce GTX 1060 3GB (ID=0x1c02)
    Vendor:   NVIDIA
    VRAM:     2988 MB
    Driver:   27.21.14.5671
Initialize mono
Mono path[0] = 'C:/Program Files/Unity/Hub/Editor/2021.3.9f1/Editor/Data/Managed'
Mono path[1] = 'C:/Program Files/Unity/Hub/Editor/2021.3.9f1/Editor/Data/MonoBleedingEdge/lib/mono/unityjit-win32'
Mono config path = 'C:/Program Files/Unity/Hub/Editor/2021.3.9f1/Editor/Data/MonoBleedingEdge/etc'
Using monoOptions --debugger-agent=transport=dt_socket,embedding=1,server=y,suspend=n,address=127.0.0.1:56348
Begin MonoManager ReloadAssembly
Registering precompiled unity dll's ...
Register platform support module: C:/Program Files/Unity/Hub/Editor/2021.3.9f1/Editor/Data/PlaybackEngines/WebGLSupport/UnityEditor.WebGL.Extensions.dll
Register platform support module: C:/Program Files/Unity/Hub/Editor/2021.3.9f1/Editor/Data/PlaybackEngines/WindowsStandaloneSupport/UnityEditor.WindowsStandalone.Extensions.dll
Registered in 0.004195 seconds.
Native extension for WindowsStandalone target not found
Native extension for WebGL target not found
Refreshing native plugins compatible for Editor in 106.45 ms, found 4 plugins.
Preloading 0 native plugins for Editor in 0.00 ms.
Mono: successfully reloaded assembly
- Completed reload, in  0.672 seconds
Domain Reload Profiling:
	ReloadAssembly (672ms)
		BeginReloadAssembly (64ms)
			ExecutionOrderSort (0ms)
			DisableScriptedObjects (0ms)
			BackupInstance (0ms)
			ReleaseScriptingObjects (0ms)
			CreateAndSetChildDomain (1ms)
		EndReloadAssembly (502ms)
			LoadAssemblies (63ms)
			RebuildTransferFunctionScriptingTraits (0ms)
			SetupTypeCache (141ms)
			ReleaseScriptCaches (0ms)
			RebuildScriptCaches (26ms)
			SetupLoadedEditorAssemblies (291ms)
				LogAssemblyErrors (0ms)
				InitializePlatformSupportModulesInManaged (7ms)
				SetLoadedEditorAssemblies (0ms)
				RefreshPlugins (107ms)
				BeforeProcessingInitializeOnLoad (1ms)
				ProcessInitializeOnLoadAttributes (135ms)
				ProcessInitializeOnLoadMethodAttributes (41ms)
				AfterProcessingInitializeOnLoad (0ms)
				EditorAssembliesLoaded (0ms)
			ExecutionOrderSort2 (0ms)
			AwakeInstancesAfterBackupRestoration (0ms)
Platform modules already initialized, skipping
Registering precompiled user dll's ...
Registered in 0.008125 seconds.
Begin MonoManager ReloadAssembly
Symbol file LoadedFromMemory doesn't match image C:\Users\Aulas\Documents\GitHub\OkapiKit\Library\PackageCache\com.unity.visualscripting@1.8.0\Editor\VisualScripting.Core\Dependencies\YamlDotNet\Unity.VisualScripting.YamlDotNet.dll
Symbol file LoadedFromMemory doesn't match image C:\Users\Aulas\Documents\GitHub\OkapiKit\Library\PackageCache\com.unity.visualscripting@1.8.0\Editor\VisualScripting.Core\Dependencies\DotNetZip\Unity.VisualScripting.IonicZip.dll
Native extension for WindowsStandalone target not found
Native extension for WebGL target not found
Refreshing native plugins compatible for Editor in 105.55 ms, found 4 plugins.
Preloading 0 native plugins for Editor in 0.00 ms.
Mono: successfully reloaded assembly
- Completed reload, in  1.176 seconds
Domain Reload Profiling:
	ReloadAssembly (1176ms)
		BeginReloadAssembly (99ms)
			ExecutionOrderSort (0ms)
			DisableScriptedObjects (5ms)
			BackupInstance (0ms)
			ReleaseScriptingObjects (0ms)
			CreateAndSetChildDomain (17ms)
		EndReloadAssembly (963ms)
			LoadAssemblies (78ms)
			RebuildTransferFunctionScriptingTraits (0ms)
			SetupTypeCache (252ms)
			ReleaseScriptCaches (1ms)
			RebuildScriptCaches (63ms)
			SetupLoadedEditorAssemblies (532ms)
				LogAssemblyErrors (0ms)
				InitializePlatformSupportModulesInManaged (4ms)
				SetLoadedEditorAssemblies (1ms)
				RefreshPlugins (106ms)
				BeforeProcessingInitializeOnLoad (99ms)
				ProcessInitializeOnLoadAttributes (236ms)
				ProcessInitializeOnLoadMethodAttributes (81ms)
				AfterProcessingInitializeOnLoad (5ms)
				EditorAssembliesLoaded (0ms)
			ExecutionOrderSort2 (0ms)
			AwakeInstancesAfterBackupRestoration (5ms)
Platform modules already initialized, skipping
========================================================================
Worker process is ready to serve import requests
Launched and connected shader compiler UnityShaderCompiler.exe after 0.04 seconds
Refreshing native plugins compatible for Editor in 0.98 ms, found 4 plugins.
Preloading 0 native plugins for Editor in 0.00 ms.
Unloading 5435 Unused Serialized files (Serialized files now loaded: 0)
Unloading 40 unused Assets / (0.7 MB). Loaded Objects now: 5888.
Memory consumption went from 215.1 MB to 214.4 MB.
Total: 3.415500 ms (FindLiveObjects: 0.387000 ms CreateObjectMapping: 0.353800 ms MarkObjects: 2.434600 ms  DeleteObjects: 0.239400 ms)

AssetImportParameters requested are different than current active one (requested -> active):
  custom:video-decoder-ogg-theora: a1e56fd34408186e4bbccfd4996cb3dc -> 
  custom:container-muxer-webm: aa71ff27fc2769a1b78a27578f13a17b -> 
  custom:container-demuxer-webm: 4f35f7cbe854078d1ac9338744f61a02 -> 
  custom:video-encoder-webm-vp8: eb34c28f22e8b96e1ab97ce403110664 -> 
  custom:audio-encoder-webm-vorbis: bf7c407c2cedff20999df2af8eb42d56 -> 
  custom:framework-win-MediaFoundation: 216162199b28c13a410421893ffa2e32 -> 
  custom:container-demuxer-ogg: 62fdf1f143b41e24485cea50d1cbac27 -> 
  custom:video-decoder-webm-vp8: 9c59270c3fd7afecdb556c50c9e8de78 -> 
  custom:audio-decoder-ogg-vorbis: bf7c407c2cedff20999df2af8eb42d56 -> 
========================================================================
Received Import Request.
  Time since last request: 1727898.985701 seconds.
  path: Assets/TANKWambo
  artifactKey: Guid(68676f23d6d95a841b5c0dd932ce51e5) Importer(815301076,1909f56bfc062723c751e8b465ee728b)
Start importing Assets/TANKWambo using Guid(68676f23d6d95a841b5c0dd932ce51e5) Importer(815301076,1909f56bfc062723c751e8b465ee728b)  -> (artifact id: '1d42b44c80bca78fee4af074df00d464') in 0.010847 seconds 
========================================================================
Received Import Request.
  Time since last request: 4.164961 seconds.
  path: Assets/TANKWambo/Prefabs
  artifactKey: Guid(72e1e2702012ab94ea8329c10d5fec65) Importer(815301076,1909f56bfc062723c751e8b465ee728b)
Start importing Assets/TANKWambo/Prefabs using Guid(72e1e2702012ab94ea8329c10d5fec65) Importer(815301076,1909f56bfc062723c751e8b465ee728b)  -> (artifact id: 'f58938aaf6c77a6ca07e1b0da2bb4421') in 0.004827 seconds 
========================================================================
Received Import Request.
  Time since last request: 0.046749 seconds.
  path: Assets/TANKWambo/Prefabs/Player.prefab
  artifactKey: Guid(9dedd07ba83556f428fda5713bec7920) Importer(815301076,1909f56bfc062723c751e8b465ee728b)
Start importing Assets/TANKWambo/Prefabs/Player.prefab using Guid(9dedd07ba83556f428fda5713bec7920) Importer(815301076,1909f56bfc062723c751e8b465ee728b)  -> (artifact id: 'df08e789b3ef568638c141bf53ef38f7') in 0.224763 seconds 
========================================================================
Received Import Request.
  Time since last request: 0.925451 seconds.
  path: Assets/TANKWambo/Prefabs/Enemy Tanks
  artifactKey: Guid(591a16416d6b9614c9c4def80c805ddf) Importer(815301076,1909f56bfc062723c751e8b465ee728b)
Start importing Assets/TANKWambo/Prefabs/Enemy Tanks using Guid(591a16416d6b9614c9c4def80c805ddf) Importer(815301076,1909f56bfc062723c751e8b465ee728b)  -> (artifact id: '2c1000d7a8388661cc804dd67f6ea614') in 0.004672 seconds 
========================================================================
Received Import Request.
  Time since last request: 0.042444 seconds.
  path: Assets/TANKWambo/Prefabs/Enemy Tanks/_B_Sniperbullet.prefab
  artifactKey: Guid(a2f373bf578832f4babb9415000c6214) Importer(815301076,1909f56bfc062723c751e8b465ee728b)
Start importing Assets/TANKWambo/Prefabs/Enemy Tanks/_B_Sniperbullet.prefab using Guid(a2f373bf578832f4babb9415000c6214) Importer(815301076,1909f56bfc062723c751e8b465ee728b)  -> (artifact id: '4d8e7e3421b140d57ff1608b0dd7ecba') in 0.016253 seconds 
========================================================================
Received Import Request.
  Time since last request: 0.000017 seconds.
  path: Assets/TANKWambo/Prefabs/Enemy Tanks/SniperBullet.asset
  artifactKey: Guid(0ddd040ed384e4c40954cbeaf68aa6de) Importer(815301076,1909f56bfc062723c751e8b465ee728b)
Start importing Assets/TANKWambo/Prefabs/Enemy Tanks/SniperBullet.asset using Guid(0ddd040ed384e4c40954cbeaf68aa6de) Importer(815301076,1909f56bfc062723c751e8b465ee728b)  -> (artifact id: '6d57a9b28720e75e25e6c8fe0679368e') in 0.006896 seconds 
========================================================================
Received Import Request.
  Time since last request: 7.486433 seconds.
  path: Assets/TANKWambo/Prefabs/Bullets
  artifactKey: Guid(7b62e78a902d1c94d8c496f833075280) Importer(815301076,1909f56bfc062723c751e8b465ee728b)
Start importing Assets/TANKWambo/Prefabs/Bullets using Guid(7b62e78a902d1c94d8c496f833075280) Importer(815301076,1909f56bfc062723c751e8b465ee728b)  -> (artifact id: '06b128adf2b260c93777007353e0d6b3') in 0.005318 seconds 
========================================================================
Received Import Request.
  Time since last request: 0.055186 seconds.
  path: Assets/TANKWambo/Prefabs/Bullets/_B_Default.prefab
  artifactKey: Guid(92a4ce0d5cbf3d647b7915488f695c58) Importer(815301076,1909f56bfc062723c751e8b465ee728b)
Start importing Assets/TANKWambo/Prefabs/Bullets/_B_Default.prefab using Guid(92a4ce0d5cbf3d647b7915488f695c58) Importer(815301076,1909f56bfc062723c751e8b465ee728b)  -> (artifact id: '0bbf174c93bff6cbbf288a666f8e9323') in 0.015389 seconds 
========================================================================
Received Prepare
Registering precompiled user dll's ...
Registered in 0.005229 seconds.
Begin MonoManager ReloadAssembly
Symbol file LoadedFromMemory doesn't match image C:\Users\Aulas\Documents\GitHub\OkapiKit\Library\PackageCache\com.unity.visualscripting@1.8.0\Editor\VisualScripting.Core\Dependencies\YamlDotNet\Unity.VisualScripting.YamlDotNet.dll
Symbol file LoadedFromMemory doesn't match image C:\Users\Aulas\Documents\GitHub\OkapiKit\Library\PackageCache\com.unity.visualscripting@1.8.0\Editor\VisualScripting.Core\Dependencies\DotNetZip\Unity.VisualScripting.IonicZip.dll
Native extension for WindowsStandalone target not found
Native extension for WebGL target not found
Refreshing native plugins compatible for Editor in 0.96 ms, found 4 plugins.
Preloading 0 native plugins for Editor in 0.00 ms.
Mono: successfully reloaded assembly
- Completed reload, in  1.213 seconds
Domain Reload Profiling:
	ReloadAssembly (1214ms)
		BeginReloadAssembly (156ms)
			ExecutionOrderSort (0ms)
			DisableScriptedObjects (7ms)
			BackupInstance (0ms)
			ReleaseScriptingObjects (0ms)
			CreateAndSetChildDomain (53ms)
		EndReloadAssembly (964ms)
			LoadAssemblies (103ms)
			RebuildTransferFunctionScriptingTraits (0ms)
			SetupTypeCache (293ms)
			ReleaseScriptCaches (2ms)
			RebuildScriptCaches (55ms)
			SetupLoadedEditorAssemblies (436ms)
				LogAssemblyErrors (0ms)
				InitializePlatformSupportModulesInManaged (13ms)
				SetLoadedEditorAssemblies (0ms)
				RefreshPlugins (1ms)
				BeforeProcessingInitializeOnLoad (89ms)
				ProcessInitializeOnLoadAttributes (242ms)
				ProcessInitializeOnLoadMethodAttributes (86ms)
				AfterProcessingInitializeOnLoad (5ms)
				EditorAssembliesLoaded (0ms)
			ExecutionOrderSort2 (0ms)
			AwakeInstancesAfterBackupRestoration (13ms)
Platform modules already initialized, skipping
Refreshing native plugins compatible for Editor in 2.47 ms, found 4 plugins.
Preloading 0 native plugins for Editor in 0.00 ms.
Unloading 5298 Unused Serialized files (Serialized files now loaded: 0)
Unloading 29 unused Assets / (0.7 MB). Loaded Objects now: 5946.
Memory consumption went from 214.0 MB to 213.3 MB.
Total: 3.262900 ms (FindLiveObjects: 0.340800 ms CreateObjectMapping: 0.290900 ms MarkObjects: 2.384600 ms  DeleteObjects: 0.245700 ms)

AssetImportParameters requested are different than current active one (requested -> active):
  custom:video-decoder-ogg-theora: a1e56fd34408186e4bbccfd4996cb3dc -> 
  custom:container-muxer-webm: aa71ff27fc2769a1b78a27578f13a17b -> 
  custom:container-demuxer-webm: 4f35f7cbe854078d1ac9338744f61a02 -> 
  custom:video-encoder-webm-vp8: eb34c28f22e8b96e1ab97ce403110664 -> 
  custom:audio-encoder-webm-vorbis: bf7c407c2cedff20999df2af8eb42d56 -> 
  custom:framework-win-MediaFoundation: 216162199b28c13a410421893ffa2e32 -> 
  custom:container-demuxer-ogg: 62fdf1f143b41e24485cea50d1cbac27 -> 
  custom:video-decoder-webm-vp8: 9c59270c3fd7afecdb556c50c9e8de78 -> 
  custom:audio-decoder-ogg-vorbis: bf7c407c2cedff20999df2af8eb42d56 -> 
========================================================================
Received Prepare
Registering precompiled user dll's ...
Registered in 0.006402 seconds.
Begin MonoManager ReloadAssembly
Symbol file LoadedFromMemory doesn't match image C:\Users\Aulas\Documents\GitHub\OkapiKit\Library\PackageCache\com.unity.visualscripting@1.8.0\Editor\VisualScripting.Core\Dependencies\YamlDotNet\Unity.VisualScripting.YamlDotNet.dll
Symbol file LoadedFromMemory doesn't match image C:\Users\Aulas\Documents\GitHub\OkapiKit\Library\PackageCache\com.unity.visualscripting@1.8.0\Editor\VisualScripting.Core\Dependencies\DotNetZip\Unity.VisualScripting.IonicZip.dll
Native extension for WindowsStandalone target not found
Native extension for WebGL target not found
Refreshing native plugins compatible for Editor in 1.15 ms, found 4 plugins.
Preloading 0 native plugins for Editor in 0.00 ms.
Mono: successfully reloaded assembly
- Completed reload, in  1.187 seconds
Domain Reload Profiling:
	ReloadAssembly (1188ms)
		BeginReloadAssembly (113ms)
			ExecutionOrderSort (0ms)
			DisableScriptedObjects (7ms)
			BackupInstance (0ms)
			ReleaseScriptingObjects (0ms)
			CreateAndSetChildDomain (33ms)
		EndReloadAssembly (978ms)
			LoadAssemblies (78ms)
			RebuildTransferFunctionScriptingTraits (0ms)
			SetupTypeCache (294ms)
			ReleaseScriptCaches (2ms)
			RebuildScriptCaches (52ms)
			SetupLoadedEditorAssemblies (452ms)
				LogAssemblyErrors (0ms)
				InitializePlatformSupportModulesInManaged (13ms)
				SetLoadedEditorAssemblies (1ms)
				RefreshPlugins (1ms)
				BeforeProcessingInitializeOnLoad (88ms)
				ProcessInitializeOnLoadAttributes (254ms)
				ProcessInitializeOnLoadMethodAttributes (89ms)
				AfterProcessingInitializeOnLoad (6ms)
				EditorAssembliesLoaded (0ms)
			ExecutionOrderSort2 (0ms)
			AwakeInstancesAfterBackupRestoration (16ms)
Platform modules already initialized, skipping
Refreshing native plugins compatible for Editor in 2.87 ms, found 4 plugins.
Preloading 0 native plugins for Editor in 0.00 ms.
Unloading 5299 Unused Serialized files (Serialized files now loaded: 0)
Unloading 27 unused Assets / (0.7 MB). Loaded Objects now: 5949.
Memory consumption went from 214.0 MB to 213.4 MB.
Total: 3.371100 ms (FindLiveObjects: 0.338100 ms CreateObjectMapping: 0.339400 ms MarkObjects: 2.444300 ms  DeleteObjects: 0.248700 ms)

AssetImportParameters requested are different than current active one (requested -> active):
  custom:video-decoder-ogg-theora: a1e56fd34408186e4bbccfd4996cb3dc -> 
  custom:container-muxer-webm: aa71ff27fc2769a1b78a27578f13a17b -> 
  custom:container-demuxer-webm: 4f35f7cbe854078d1ac9338744f61a02 -> 
  custom:video-encoder-webm-vp8: eb34c28f22e8b96e1ab97ce403110664 -> 
  custom:audio-encoder-webm-vorbis: bf7c407c2cedff20999df2af8eb42d56 -> 
  custom:framework-win-MediaFoundation: 216162199b28c13a410421893ffa2e32 -> 
  custom:container-demuxer-ogg: 62fdf1f143b41e24485cea50d1cbac27 -> 
  custom:video-decoder-webm-vp8: 9c59270c3fd7afecdb556c50c9e8de78 -> 
  custom:audio-decoder-ogg-vorbis: bf7c407c2cedff20999df2af8eb42d56 -> 
========================================================================
Received Import Request.
  Time since last request: 350.026185 seconds.
  path: Assets/TANKWambo/Prefabs/Enemy Tanks/SniperTank_prefab
  artifactKey: Guid(88bcb731f9f33334581757c129b2f193) Importer(815301076,1909f56bfc062723c751e8b465ee728b)
Start importing Assets/TANKWambo/Prefabs/Enemy Tanks/SniperTank_prefab using Guid(88bcb731f9f33334581757c129b2f193) Importer(815301076,1909f56bfc062723c751e8b465ee728b)  -> (artifact id: '46090486839167d7f65c62aeea05eba2') in 0.013318 seconds 
========================================================================
Received Import Request.
  Time since last request: 91.422594 seconds.
  path: Assets/TANKWambo/Prefabs/Enemy Tanks/Builds
  artifactKey: Guid(fc7a9504e05b1a44697356caea248ce3) Importer(815301076,1909f56bfc062723c751e8b465ee728b)
Start importing Assets/TANKWambo/Prefabs/Enemy Tanks/Builds using Guid(fc7a9504e05b1a44697356caea248ce3) Importer(815301076,1909f56bfc062723c751e8b465ee728b)  -> (artifact id: 'a28c28910dd812a1995dadabc2ca2ef4') in 0.004559 seconds 
========================================================================
Received Import Request.
  Time since last request: 27.624710 seconds.
  path: Assets/TANKWambo/Prefabs/Enemy Tanks/Builds/TANKWambo_test.unity
  artifactKey: Guid(9a97f4c478efd404d968b50c4c45b52e) Importer(815301076,1909f56bfc062723c751e8b465ee728b)
Start importing Assets/TANKWambo/Prefabs/Enemy Tanks/Builds/TANKWambo_test.unity using Guid(9a97f4c478efd404d968b50c4c45b52e) Importer(815301076,1909f56bfc062723c751e8b465ee728b)  -> (artifact id: '58b2549e00bfb1f8e883e493ab57e5f5') in 0.005510 seconds 
========================================================================
Received Import Request.
  Time since last request: 6.276377 seconds.
  path: Assets/TANKWambo/Prefabs/Enemy Tanks/Builds/TANKWambo_test.unity
  artifactKey: Guid(9a97f4c478efd404d968b50c4c45b52e) Importer(815301076,1909f56bfc062723c751e8b465ee728b)
Start importing Assets/TANKWambo/Prefabs/Enemy Tanks/Builds/TANKWambo_test.unity using Guid(9a97f4c478efd404d968b50c4c45b52e) Importer(815301076,1909f56bfc062723c751e8b465ee728b)  -> (artifact id: '196d5bd859f7677b4799527cff96c38b') in 0.001277 seconds 
========================================================================
Received Import Request.
  Time since last request: 13.682189 seconds.
  path: Assets/TANKWambo/Prefabs/Enemy Tanks/Builds/TANKWambo_Level1.unity
  artifactKey: Guid(9a97f4c478efd404d968b50c4c45b52e) Importer(815301076,1909f56bfc062723c751e8b465ee728b)
Start importing Assets/TANKWambo/Prefabs/Enemy Tanks/Builds/TANKWambo_Level1.unity using Guid(9a97f4c478efd404d968b50c4c45b52e) Importer(815301076,1909f56bfc062723c751e8b465ee728b)  -> (artifact id: '09859502f26a2266d393fe79466758a9') in 0.004471 seconds 
========================================================================
Received Import Request.
  Time since last request: 12.030697 seconds.
  path: Assets/TANKWambo/Prefabs/Enemy Tanks/Builds/TANKWambo_Level1 1.unity
  artifactKey: Guid(e76c331087921914e9f2d2d830b1c163) Importer(815301076,1909f56bfc062723c751e8b465ee728b)
Start importing Assets/TANKWambo/Prefabs/Enemy Tanks/Builds/TANKWambo_Level1 1.unity using Guid(e76c331087921914e9f2d2d830b1c163) Importer(815301076,1909f56bfc062723c751e8b465ee728b)  -> (artifact id: 'aee4e01177f90ac1dd584a0acb202a44') in 0.004773 seconds 
========================================================================
Received Import Request.
  Time since last request: 5.192445 seconds.
  path: Assets/TANKWambo/Prefabs/Enemy Tanks/Builds/TANKWambo_Level1 2.unity
  artifactKey: Guid(e76c331087921914e9f2d2d830b1c163) Importer(815301076,1909f56bfc062723c751e8b465ee728b)
Start importing Assets/TANKWambo/Prefabs/Enemy Tanks/Builds/TANKWambo_Level1 2.unity using Guid(e76c331087921914e9f2d2d830b1c163) Importer(815301076,1909f56bfc062723c751e8b465ee728b)  -> (artifact id: 'ff74a4c75e3623417e27c939f61857cb') in 0.005195 seconds 
========================================================================
Received Import Request.
  Time since last request: 1198.653916 seconds.
  path: Assets/TANKWambo/Prefabs/Enemy Tanks/Builds/TANKWambo_Level2.unity
  artifactKey: Guid(e76c331087921914e9f2d2d830b1c163) Importer(815301076,1909f56bfc062723c751e8b465ee728b)
Start importing Assets/TANKWambo/Prefabs/Enemy Tanks/Builds/TANKWambo_Level2.unity using Guid(e76c331087921914e9f2d2d830b1c163) Importer(815301076,1909f56bfc062723c751e8b465ee728b)  -> (artifact id: '5655a1794b20abcccd09dab6bfd9df3f') in 0.005065 seconds 
========================================================================
Received Prepare
Registering precompiled user dll's ...
Registered in 0.005170 seconds.
Begin MonoManager ReloadAssembly
Symbol file LoadedFromMemory doesn't match image C:\Users\Aulas\Documents\GitHub\OkapiKit\Library\PackageCache\com.unity.visualscripting@1.8.0\Editor\VisualScripting.Core\Dependencies\YamlDotNet\Unity.VisualScripting.YamlDotNet.dll
Symbol file LoadedFromMemory doesn't match image C:\Users\Aulas\Documents\GitHub\OkapiKit\Library\PackageCache\com.unity.visualscripting@1.8.0\Editor\VisualScripting.Core\Dependencies\DotNetZip\Unity.VisualScripting.IonicZip.dll
Native extension for WindowsStandalone target not found
Native extension for WebGL target not found
Refreshing native plugins compatible for Editor in 0.94 ms, found 4 plugins.
Preloading 0 native plugins for Editor in 0.00 ms.
Mono: successfully reloaded assembly
- Completed reload, in  1.250 seconds
Domain Reload Profiling:
	ReloadAssembly (1251ms)
		BeginReloadAssembly (127ms)
			ExecutionOrderSort (0ms)
			DisableScriptedObjects (7ms)
			BackupInstance (0ms)
			ReleaseScriptingObjects (0ms)
			CreateAndSetChildDomain (35ms)
		EndReloadAssembly (1019ms)
			LoadAssemblies (89ms)
			RebuildTransferFunctionScriptingTraits (0ms)
			SetupTypeCache (298ms)
			ReleaseScriptCaches (2ms)
			RebuildScriptCaches (59ms)
			SetupLoadedEditorAssemblies (480ms)
				LogAssemblyErrors (0ms)
				InitializePlatformSupportModulesInManaged (14ms)
				SetLoadedEditorAssemblies (0ms)
				RefreshPlugins (1ms)
				BeforeProcessingInitializeOnLoad (116ms)
				ProcessInitializeOnLoadAttributes (255ms)
				ProcessInitializeOnLoadMethodAttributes (88ms)
				AfterProcessingInitializeOnLoad (6ms)
				EditorAssembliesLoaded (0ms)
			ExecutionOrderSort2 (0ms)
			AwakeInstancesAfterBackupRestoration (15ms)
Platform modules already initialized, skipping
Refreshing native plugins compatible for Editor in 2.67 ms, found 4 plugins.
Preloading 0 native plugins for Editor in 0.00 ms.
Unloading 5299 Unused Serialized files (Serialized files now loaded: 0)
Unloading 27 unused Assets / (0.7 MB). Loaded Objects now: 5952.
Memory consumption went from 214.1 MB to 213.4 MB.
Total: 5.933500 ms (FindLiveObjects: 0.655300 ms CreateObjectMapping: 0.606700 ms MarkObjects: 4.360000 ms  DeleteObjects: 0.310500 ms)

AssetImportParameters requested are different than current active one (requested -> active):
  custom:video-decoder-ogg-theora: a1e56fd34408186e4bbccfd4996cb3dc -> 
  custom:container-muxer-webm: aa71ff27fc2769a1b78a27578f13a17b -> 
  custom:container-demuxer-webm: 4f35f7cbe854078d1ac9338744f61a02 -> 
  custom:video-encoder-webm-vp8: eb34c28f22e8b96e1ab97ce403110664 -> 
  custom:audio-encoder-webm-vorbis: bf7c407c2cedff20999df2af8eb42d56 -> 
  custom:framework-win-MediaFoundation: 216162199b28c13a410421893ffa2e32 -> 
  custom:container-demuxer-ogg: 62fdf1f143b41e24485cea50d1cbac27 -> 
  custom:video-decoder-webm-vp8: 9c59270c3fd7afecdb556c50c9e8de78 -> 
  custom:audio-decoder-ogg-vorbis: bf7c407c2cedff20999df2af8eb42d56 -> 
========================================================================
Received Import Request.
  Time since last request: 68.077312 seconds.
  path: Assets/OkapiKit/Samples/SideShooter/Data/Heat.asset
  artifactKey: Guid(c569cd302776e724bb5ad6412befae3c) Importer(815301076,1909f56bfc062723c751e8b465ee728b)
Start importing Assets/OkapiKit/Samples/SideShooter/Data/Heat.asset using Guid(c569cd302776e724bb5ad6412befae3c) Importer(815301076,1909f56bfc062723c751e8b465ee728b)  -> (artifact id: '377e0f6d13414b1f94ae04ca3678ae2c') in 0.025694 seconds 
========================================================================
Received Import Request.
  Time since last request: 0.000023 seconds.
  path: Assets/OkapiKit/Samples/Breakout/Data/Lives.asset
  artifactKey: Guid(fb13fed526333984185b5996de505241) Importer(815301076,1909f56bfc062723c751e8b465ee728b)
Start importing Assets/OkapiKit/Samples/Breakout/Data/Lives.asset using Guid(fb13fed526333984185b5996de505241) Importer(815301076,1909f56bfc062723c751e8b465ee728b)  -> (artifact id: 'd28c063051c2d195d52446b746bab768') in 0.002433 seconds 
========================================================================
Received Import Request.
  Time since last request: 0.000038 seconds.
  path: Assets/OkapiKit/Samples/SideShooter/Data/Lives.asset
  artifactKey: Guid(7f2a7e51dff6ded4a928fa1eed622000) Importer(815301076,1909f56bfc062723c751e8b465ee728b)
Start importing Assets/OkapiKit/Samples/SideShooter/Data/Lives.asset using Guid(7f2a7e51dff6ded4a928fa1eed622000) Importer(815301076,1909f56bfc062723c751e8b465ee728b)  -> (artifact id: '214fd29b268385de41b864d22a6e7ce4') in 0.001913 seconds 
========================================================================
Received Import Request.
  Time since last request: 0.000026 seconds.
  path: Assets/OkapiKit/Samples/SpaceInvaders/Data/Lives.asset
  artifactKey: Guid(d5299faba34cc0d4b886968507737d32) Importer(815301076,1909f56bfc062723c751e8b465ee728b)
Start importing Assets/OkapiKit/Samples/SpaceInvaders/Data/Lives.asset using Guid(d5299faba34cc0d4b886968507737d32) Importer(815301076,1909f56bfc062723c751e8b465ee728b)  -> (artifact id: '06561ffd875ae488c328fa9e329b357d') in 0.001987 seconds 
========================================================================
Received Import Request.
  Time since last request: 0.000018 seconds.
  path: Assets/OkapiKit/Samples/SpaceInvaders/Data/Score.asset
  artifactKey: Guid(20dee269a7cafaf4fbf470b2acc10d9c) Importer(815301076,1909f56bfc062723c751e8b465ee728b)
Start importing Assets/OkapiKit/Samples/SpaceInvaders/Data/Score.asset using Guid(20dee269a7cafaf4fbf470b2acc10d9c) Importer(815301076,1909f56bfc062723c751e8b465ee728b)  -> (artifact id: 'ef9eecbf1af4b3a32c25189a1c5c2c9c') in 0.005524 seconds 
========================================================================
Received Import Request.
  Time since last request: 61.448481 seconds.
  path: Assets/OkapiKit/Samples/Asteroids/Data/Boundaries.asset
  artifactKey: Guid(5ed5adee97fbbaa41b3e760893c6da86) Importer(815301076,1909f56bfc062723c751e8b465ee728b)
Start importing Assets/OkapiKit/Samples/Asteroids/Data/Boundaries.asset using Guid(5ed5adee97fbbaa41b3e760893c6da86) Importer(815301076,1909f56bfc062723c751e8b465ee728b)  -> (artifact id: '74b62c1900e416caeeed429635babcc6') in 0.006523 seconds 
========================================================================
Received Import Request.
  Time since last request: 0.000026 seconds.
  path: Assets/TANKWambo/Data/Bullet.asset
  artifactKey: Guid(5dd3ea1295091a146a4601c96116d46b) Importer(815301076,1909f56bfc062723c751e8b465ee728b)
Start importing Assets/TANKWambo/Data/Bullet.asset using Guid(5dd3ea1295091a146a4601c96116d46b) Importer(815301076,1909f56bfc062723c751e8b465ee728b)  -> (artifact id: 'cc147b7c712a5a1de015eb4dd9315055') in 0.005366 seconds 
========================================================================
Received Import Request.
  Time since last request: 0.000021 seconds.
  path: Assets/OkapiKit/Samples/Commando/Data/Camera.asset
  artifactKey: Guid(2f478aa6dec00f3449f3977690be69d6) Importer(815301076,1909f56bfc062723c751e8b465ee728b)
Start importing Assets/OkapiKit/Samples/Commando/Data/Camera.asset using Guid(2f478aa6dec00f3449f3977690be69d6) Importer(815301076,1909f56bfc062723c751e8b465ee728b)  -> (artifact id: '3d0c1def49e95721e9898435c24d2f07') in 0.006359 seconds 
========================================================================
Received Import Request.
  Time since last request: 0.000035 seconds.
  path: Assets/TANKWambo/Data/Destructable.asset
  artifactKey: Guid(f1bf613cb53582041bf2e99c2eaa77e5) Importer(815301076,1909f56bfc062723c751e8b465ee728b)
Start importing Assets/TANKWambo/Data/Destructable.asset using Guid(f1bf613cb53582041bf2e99c2eaa77e5) Importer(815301076,1909f56bfc062723c751e8b465ee728b)  -> (artifact id: '2ce01728775b32a95856c1277537537a') in 0.005585 seconds 
========================================================================
Received Import Request.
  Time since last request: 0.000018 seconds.
  path: Assets/OkapiKit/Samples/Asteroids/Data/DownBound.asset
  artifactKey: Guid(d86af5fd4f0cd564e8a0b38658546618) Importer(815301076,1909f56bfc062723c751e8b465ee728b)
Start importing Assets/OkapiKit/Samples/Asteroids/Data/DownBound.asset using Guid(d86af5fd4f0cd564e8a0b38658546618) Importer(815301076,1909f56bfc062723c751e8b465ee728b)  -> (artifact id: '0ec2b7ed35f269dfc9051398b5a7c27a') in 0.005376 seconds 
========================================================================
Received Import Request.
  Time since last request: 0.000018 seconds.
  path: Assets/OkapiKit/Samples/Commando/Data/BulletRange.asset
  artifactKey: Guid(693704083fea7a844aa44060b8ce07db) Importer(815301076,1909f56bfc062723c751e8b465ee728b)
Start importing Assets/OkapiKit/Samples/Commando/Data/BulletRange.asset using Guid(693704083fea7a844aa44060b8ce07db) Importer(815301076,1909f56bfc062723c751e8b465ee728b)  -> (artifact id: 'dd324bdce91751f24a5682f5f72a2253') in 0.005186 seconds 
========================================================================
Received Import Request.
  Time since last request: 2.747967 seconds.
  path: Assets/OkapiKit/Samples/Commando/Data/Player.asset
  artifactKey: Guid(8efa30800e1db9e479bbdb4f1d5d1aa1) Importer(815301076,1909f56bfc062723c751e8b465ee728b)
Start importing Assets/OkapiKit/Samples/Commando/Data/Player.asset using Guid(8efa30800e1db9e479bbdb4f1d5d1aa1) Importer(815301076,1909f56bfc062723c751e8b465ee728b)  -> (artifact id: '076ff45ea0cb6d69530e566aa630e9fa') in 0.001594 seconds 
========================================================================
Received Import Request.
  Time since last request: 0.000014 seconds.
  path: Assets/OkapiKit/Samples/Snippets/Player.asset
  artifactKey: Guid(2ad4557f04a8828439b7a0ab012efa6d) Importer(815301076,1909f56bfc062723c751e8b465ee728b)
Start importing Assets/OkapiKit/Samples/Snippets/Player.asset using Guid(2ad4557f04a8828439b7a0ab012efa6d) Importer(815301076,1909f56bfc062723c751e8b465ee728b)  -> (artifact id: '9377fb50fa7918214f7dc8ec68e92dbf') in 0.001827 seconds 
========================================================================
Received Import Request.
  Time since last request: 0.000023 seconds.
  path: Assets/OkapiKit/Samples/SideShooter/Data/TagPlayer.asset
  artifactKey: Guid(7f6a546c0eff3dd4b90475a96eaf8310) Importer(815301076,1909f56bfc062723c751e8b465ee728b)
Start importing Assets/OkapiKit/Samples/SideShooter/Data/TagPlayer.asset using Guid(7f6a546c0eff3dd4b90475a96eaf8310) Importer(815301076,1909f56bfc062723c751e8b465ee728b)  -> (artifact id: '306b795ce746ff879a009bc09ebdc23f') in 0.005644 seconds 
========================================================================
Received Import Request.
  Time since last request: 0.000017 seconds.
  path: Assets/OkapiKit/Samples/SpaceInvaders/Data/TagPlayer.asset
  artifactKey: Guid(0b53ca25ffc47ac419c3d04d6e8a31f8) Importer(815301076,1909f56bfc062723c751e8b465ee728b)
Start importing Assets/OkapiKit/Samples/SpaceInvaders/Data/TagPlayer.asset using Guid(0b53ca25ffc47ac419c3d04d6e8a31f8) Importer(815301076,1909f56bfc062723c751e8b465ee728b)  -> (artifact id: 'f3a29b0e2340eea9cf3d52454c71e3c7') in 0.001841 seconds 
========================================================================
Received Import Request.
  Time since last request: 0.693280 seconds.
  path: Assets/OkapiKit/Samples/SpaceInvaders/Data/TagPlayerShot.asset
  artifactKey: Guid(9e0f8987f7ff23341946280521adca40) Importer(815301076,1909f56bfc062723c751e8b465ee728b)
Start importing Assets/OkapiKit/Samples/SpaceInvaders/Data/TagPlayerShot.asset using Guid(9e0f8987f7ff23341946280521adca40) Importer(815301076,1909f56bfc062723c751e8b465ee728b)  -> (artifact id: '451f5e3307a8817df4a1d3740fe610f6') in 0.026811 seconds 
========================================================================
Received Prepare
Registering precompiled user dll's ...
Registered in 0.005160 seconds.
Begin MonoManager ReloadAssembly
Symbol file LoadedFromMemory doesn't match image C:\Users\Aulas\Documents\GitHub\OkapiKit\Library\PackageCache\com.unity.visualscripting@1.8.0\Editor\VisualScripting.Core\Dependencies\YamlDotNet\Unity.VisualScripting.YamlDotNet.dll
Symbol file LoadedFromMemory doesn't match image C:\Users\Aulas\Documents\GitHub\OkapiKit\Library\PackageCache\com.unity.visualscripting@1.8.0\Editor\VisualScripting.Core\Dependencies\DotNetZip\Unity.VisualScripting.IonicZip.dll
Native extension for WindowsStandalone target not found
Native extension for WebGL target not found
Refreshing native plugins compatible for Editor in 1.31 ms, found 4 plugins.
Preloading 0 native plugins for Editor in 0.00 ms.
Mono: successfully reloaded assembly
- Completed reload, in  1.221 seconds
Domain Reload Profiling:
	ReloadAssembly (1222ms)
		BeginReloadAssembly (125ms)
			ExecutionOrderSort (0ms)
			DisableScriptedObjects (7ms)
			BackupInstance (0ms)
			ReleaseScriptingObjects (0ms)
			CreateAndSetChildDomain (36ms)
		EndReloadAssembly (1009ms)
			LoadAssemblies (80ms)
			RebuildTransferFunctionScriptingTraits (0ms)
			SetupTypeCache (286ms)
			ReleaseScriptCaches (2ms)
			RebuildScriptCaches (59ms)
			SetupLoadedEditorAssemblies (484ms)
				LogAssemblyErrors (0ms)
				InitializePlatformSupportModulesInManaged (14ms)
				SetLoadedEditorAssemblies (0ms)
				RefreshPlugins (1ms)
				BeforeProcessingInitializeOnLoad (98ms)
				ProcessInitializeOnLoadAttributes (272ms)
				ProcessInitializeOnLoadMethodAttributes (90ms)
				AfterProcessingInitializeOnLoad (8ms)
				EditorAssembliesLoaded (0ms)
			ExecutionOrderSort2 (0ms)
			AwakeInstancesAfterBackupRestoration (17ms)
Platform modules already initialized, skipping
Refreshing native plugins compatible for Editor in 2.65 ms, found 4 plugins.
Preloading 0 native plugins for Editor in 0.00 ms.
Unloading 5299 Unused Serialized files (Serialized files now loaded: 0)
Unloading 27 unused Assets / (0.7 MB). Loaded Objects now: 5955.
Memory consumption went from 214.1 MB to 213.4 MB.
Total: 3.500700 ms (FindLiveObjects: 0.395000 ms CreateObjectMapping: 0.397600 ms MarkObjects: 2.425600 ms  DeleteObjects: 0.281400 ms)

AssetImportParameters requested are different than current active one (requested -> active):
  custom:video-decoder-ogg-theora: a1e56fd34408186e4bbccfd4996cb3dc -> 
  custom:container-muxer-webm: aa71ff27fc2769a1b78a27578f13a17b -> 
  custom:container-demuxer-webm: 4f35f7cbe854078d1ac9338744f61a02 -> 
  custom:video-encoder-webm-vp8: eb34c28f22e8b96e1ab97ce403110664 -> 
  custom:audio-encoder-webm-vorbis: bf7c407c2cedff20999df2af8eb42d56 -> 
  custom:framework-win-MediaFoundation: 216162199b28c13a410421893ffa2e32 -> 
  custom:container-demuxer-ogg: 62fdf1f143b41e24485cea50d1cbac27 -> 
  custom:video-decoder-webm-vp8: 9c59270c3fd7afecdb556c50c9e8de78 -> 
  custom:audio-decoder-ogg-vorbis: bf7c407c2cedff20999df2af8eb42d56 -> 
========================================================================
Received Prepare
Registering precompiled user dll's ...
Registered in 0.005224 seconds.
Begin MonoManager ReloadAssembly
Symbol file LoadedFromMemory doesn't match image C:\Users\Aulas\Documents\GitHub\OkapiKit\Library\PackageCache\com.unity.visualscripting@1.8.0\Editor\VisualScripting.Core\Dependencies\YamlDotNet\Unity.VisualScripting.YamlDotNet.dll
Symbol file LoadedFromMemory doesn't match image C:\Users\Aulas\Documents\GitHub\OkapiKit\Library\PackageCache\com.unity.visualscripting@1.8.0\Editor\VisualScripting.Core\Dependencies\DotNetZip\Unity.VisualScripting.IonicZip.dll
Native extension for WindowsStandalone target not found
Native extension for WebGL target not found
Refreshing native plugins compatible for Editor in 0.97 ms, found 4 plugins.
Preloading 0 native plugins for Editor in 0.00 ms.
Mono: successfully reloaded assembly
- Completed reload, in  1.139 seconds
Domain Reload Profiling:
	ReloadAssembly (1139ms)
		BeginReloadAssembly (116ms)
			ExecutionOrderSort (0ms)
			DisableScriptedObjects (7ms)
			BackupInstance (0ms)
			ReleaseScriptingObjects (0ms)
			CreateAndSetChildDomain (34ms)
		EndReloadAssembly (935ms)
			LoadAssemblies (76ms)
			RebuildTransferFunctionScriptingTraits (0ms)
			SetupTypeCache (273ms)
			ReleaseScriptCaches (2ms)
			RebuildScriptCaches (56ms)
			SetupLoadedEditorAssemblies (431ms)
				LogAssemblyErrors (0ms)
				InitializePlatformSupportModulesInManaged (14ms)
				SetLoadedEditorAssemblies (0ms)
				RefreshPlugins (1ms)
				BeforeProcessingInitializeOnLoad (82ms)
				ProcessInitializeOnLoadAttributes (241ms)
				ProcessInitializeOnLoadMethodAttributes (87ms)
				AfterProcessingInitializeOnLoad (6ms)
				EditorAssembliesLoaded (0ms)
			ExecutionOrderSort2 (0ms)
			AwakeInstancesAfterBackupRestoration (16ms)
Platform modules already initialized, skipping
Refreshing native plugins compatible for Editor in 2.54 ms, found 4 plugins.
Preloading 0 native plugins for Editor in 0.00 ms.
Unloading 5299 Unused Serialized files (Serialized files now loaded: 0)
Unloading 27 unused Assets / (0.7 MB). Loaded Objects now: 5958.
Memory consumption went from 214.1 MB to 213.4 MB.
Total: 3.314000 ms (FindLiveObjects: 0.347200 ms CreateObjectMapping: 0.303200 ms MarkObjects: 2.391100 ms  DeleteObjects: 0.271400 ms)

AssetImportParameters requested are different than current active one (requested -> active):
  custom:video-decoder-ogg-theora: a1e56fd34408186e4bbccfd4996cb3dc -> 
  custom:container-muxer-webm: aa71ff27fc2769a1b78a27578f13a17b -> 
  custom:container-demuxer-webm: 4f35f7cbe854078d1ac9338744f61a02 -> 
  custom:video-encoder-webm-vp8: eb34c28f22e8b96e1ab97ce403110664 -> 
  custom:audio-encoder-webm-vorbis: bf7c407c2cedff20999df2af8eb42d56 -> 
  custom:framework-win-MediaFoundation: 216162199b28c13a410421893ffa2e32 -> 
  custom:container-demuxer-ogg: 62fdf1f143b41e24485cea50d1cbac27 -> 
  custom:video-decoder-webm-vp8: 9c59270c3fd7afecdb556c50c9e8de78 -> 
  custom:audio-decoder-ogg-vorbis: bf7c407c2cedff20999df2af8eb42d56 -> 
========================================================================
Received Prepare
Registering precompiled user dll's ...
Registered in 0.006310 seconds.
Begin MonoManager ReloadAssembly
Symbol file LoadedFromMemory doesn't match image C:\Users\Aulas\Documents\GitHub\OkapiKit\Library\PackageCache\com.unity.visualscripting@1.8.0\Editor\VisualScripting.Core\Dependencies\YamlDotNet\Unity.VisualScripting.YamlDotNet.dll
Symbol file LoadedFromMemory doesn't match image C:\Users\Aulas\Documents\GitHub\OkapiKit\Library\PackageCache\com.unity.visualscripting@1.8.0\Editor\VisualScripting.Core\Dependencies\DotNetZip\Unity.VisualScripting.IonicZip.dll
Native extension for WindowsStandalone target not found
Native extension for WebGL target not found
Refreshing native plugins compatible for Editor in 1.07 ms, found 4 plugins.
Preloading 0 native plugins for Editor in 0.00 ms.
Mono: successfully reloaded assembly
- Completed reload, in  1.151 seconds
Domain Reload Profiling:
	ReloadAssembly (1152ms)
		BeginReloadAssembly (117ms)
			ExecutionOrderSort (0ms)
			DisableScriptedObjects (9ms)
			BackupInstance (0ms)
			ReleaseScriptingObjects (0ms)
			CreateAndSetChildDomain (32ms)
		EndReloadAssembly (948ms)
			LoadAssemblies (76ms)
			RebuildTransferFunctionScriptingTraits (0ms)
			SetupTypeCache (265ms)
			ReleaseScriptCaches (2ms)
			RebuildScriptCaches (62ms)
			SetupLoadedEditorAssemblies (448ms)
				LogAssemblyErrors (0ms)
				InitializePlatformSupportModulesInManaged (14ms)
				SetLoadedEditorAssemblies (0ms)
				RefreshPlugins (1ms)
				BeforeProcessingInitializeOnLoad (94ms)
				ProcessInitializeOnLoadAttributes (242ms)
				ProcessInitializeOnLoadMethodAttributes (91ms)
				AfterProcessingInitializeOnLoad (6ms)
				EditorAssembliesLoaded (0ms)
			ExecutionOrderSort2 (0ms)
			AwakeInstancesAfterBackupRestoration (18ms)
Platform modules already initialized, skipping
Refreshing native plugins compatible for Editor in 3.16 ms, found 4 plugins.
Preloading 0 native plugins for Editor in 0.00 ms.
Unloading 5299 Unused Serialized files (Serialized files now loaded: 0)
Unloading 27 unused Assets / (0.7 MB). Loaded Objects now: 5961.
Memory consumption went from 214.1 MB to 213.4 MB.
Total: 4.208800 ms (FindLiveObjects: 0.420900 ms CreateObjectMapping: 0.355300 ms MarkObjects: 3.049500 ms  DeleteObjects: 0.381900 ms)

AssetImportParameters requested are different than current active one (requested -> active):
  custom:video-decoder-ogg-theora: a1e56fd34408186e4bbccfd4996cb3dc -> 
  custom:container-muxer-webm: aa71ff27fc2769a1b78a27578f13a17b -> 
  custom:container-demuxer-webm: 4f35f7cbe854078d1ac9338744f61a02 -> 
  custom:video-encoder-webm-vp8: eb34c28f22e8b96e1ab97ce403110664 -> 
  custom:audio-encoder-webm-vorbis: bf7c407c2cedff20999df2af8eb42d56 -> 
  custom:framework-win-MediaFoundation: 216162199b28c13a410421893ffa2e32 -> 
  custom:container-demuxer-ogg: 62fdf1f143b41e24485cea50d1cbac27 -> 
  custom:video-decoder-webm-vp8: 9c59270c3fd7afecdb556c50c9e8de78 -> 
  custom:audio-decoder-ogg-vorbis: bf7c407c2cedff20999df2af8eb42d56 -> 
========================================================================
Received Prepare
Registering precompiled user dll's ...
Registered in 0.006693 seconds.
Begin MonoManager ReloadAssembly
Symbol file LoadedFromMemory doesn't match image C:\Users\Aulas\Documents\GitHub\OkapiKit\Library\PackageCache\com.unity.visualscripting@1.8.0\Editor\VisualScripting.Core\Dependencies\YamlDotNet\Unity.VisualScripting.YamlDotNet.dll
Symbol file LoadedFromMemory doesn't match image C:\Users\Aulas\Documents\GitHub\OkapiKit\Library\PackageCache\com.unity.visualscripting@1.8.0\Editor\VisualScripting.Core\Dependencies\DotNetZip\Unity.VisualScripting.IonicZip.dll
Native extension for WindowsStandalone target not found
Native extension for WebGL target not found
Refreshing native plugins compatible for Editor in 1.44 ms, found 4 plugins.
Preloading 0 native plugins for Editor in 0.00 ms.
Mono: successfully reloaded assembly
- Completed reload, in  1.172 seconds
Domain Reload Profiling:
	ReloadAssembly (1173ms)
		BeginReloadAssembly (114ms)
			ExecutionOrderSort (0ms)
			DisableScriptedObjects (7ms)
			BackupInstance (0ms)
			ReleaseScriptingObjects (0ms)
			CreateAndSetChildDomain (31ms)
		EndReloadAssembly (961ms)
			LoadAssemblies (79ms)
			RebuildTransferFunctionScriptingTraits (0ms)
			SetupTypeCache (282ms)
			ReleaseScriptCaches (2ms)
			RebuildScriptCaches (54ms)
			SetupLoadedEditorAssemblies (452ms)
				LogAssemblyErrors (0ms)
				InitializePlatformSupportModulesInManaged (14ms)
				SetLoadedEditorAssemblies (1ms)
				RefreshPlugins (2ms)
				BeforeProcessingInitializeOnLoad (93ms)
				ProcessInitializeOnLoadAttributes (251ms)
				ProcessInitializeOnLoadMethodAttributes (86ms)
				AfterProcessingInitializeOnLoad (5ms)
				EditorAssembliesLoaded (0ms)
			ExecutionOrderSort2 (0ms)
			AwakeInstancesAfterBackupRestoration (15ms)
Platform modules already initialized, skipping
Refreshing native plugins compatible for Editor in 3.91 ms, found 4 plugins.
Preloading 0 native plugins for Editor in 0.00 ms.
Unloading 5299 Unused Serialized files (Serialized files now loaded: 0)
Unloading 27 unused Assets / (0.7 MB). Loaded Objects now: 5964.
Memory consumption went from 214.1 MB to 213.4 MB.
Total: 3.589900 ms (FindLiveObjects: 0.354000 ms CreateObjectMapping: 0.304400 ms MarkObjects: 2.646500 ms  DeleteObjects: 0.284200 ms)

AssetImportParameters requested are different than current active one (requested -> active):
  custom:video-decoder-ogg-theora: a1e56fd34408186e4bbccfd4996cb3dc -> 
  custom:container-muxer-webm: aa71ff27fc2769a1b78a27578f13a17b -> 
  custom:container-demuxer-webm: 4f35f7cbe854078d1ac9338744f61a02 -> 
  custom:video-encoder-webm-vp8: eb34c28f22e8b96e1ab97ce403110664 -> 
  custom:audio-encoder-webm-vorbis: bf7c407c2cedff20999df2af8eb42d56 -> 
  custom:framework-win-MediaFoundation: 216162199b28c13a410421893ffa2e32 -> 
  custom:container-demuxer-ogg: 62fdf1f143b41e24485cea50d1cbac27 -> 
  custom:video-decoder-webm-vp8: 9c59270c3fd7afecdb556c50c9e8de78 -> 
  custom:audio-decoder-ogg-vorbis: bf7c407c2cedff20999df2af8eb42d56 -> 
========================================================================
Received Import Request.
  Time since last request: 153.227684 seconds.
  path: Assets/OkapiKit/Samples/Snippets/Obstacle.asset
  artifactKey: Guid(3138ad8dc4cf4f74a98c1580707d1de8) Importer(815301076,1909f56bfc062723c751e8b465ee728b)
Start importing Assets/OkapiKit/Samples/Snippets/Obstacle.asset using Guid(3138ad8dc4cf4f74a98c1580707d1de8) Importer(815301076,1909f56bfc062723c751e8b465ee728b)  -> (artifact id: 'b459b83fa3ac8f35310f15c1c1fb82c5') in 0.021527 seconds 
========================================================================
Received Import Request.
  Time since last request: 0.000018 seconds.
  path: Assets/OkapiKit/Samples/Asteroids/Data/Shield.asset
  artifactKey: Guid(0e9c1f2ea83a6214a83079ab2387ad25) Importer(815301076,1909f56bfc062723c751e8b465ee728b)
Start importing Assets/OkapiKit/Samples/Asteroids/Data/Shield.asset using Guid(0e9c1f2ea83a6214a83079ab2387ad25) Importer(815301076,1909f56bfc062723c751e8b465ee728b)  -> (artifact id: '5aafd82565734e3a892f0359c4bb9e8e') in 0.005554 seconds 
========================================================================
Received Import Request.
  Time since last request: 2.284182 seconds.
  path: Assets/OkapiKit/Samples/SideShooter/Data/TagEnemy.asset
  artifactKey: Guid(397247d90ae851442b6c45df23ad58af) Importer(815301076,1909f56bfc062723c751e8b465ee728b)
Start importing Assets/OkapiKit/Samples/SideShooter/Data/TagEnemy.asset using Guid(397247d90ae851442b6c45df23ad58af) Importer(815301076,1909f56bfc062723c751e8b465ee728b)  -> (artifact id: '585d34c43c19176319ee509c029d5268') in 0.005615 seconds 
========================================================================
Received Import Request.
  Time since last request: 0.000020 seconds.
  path: Assets/OkapiKit/Samples/SideShooter/Data/TagEnemyShot.asset
  artifactKey: Guid(43c385caf29257549a7fcb9b5b92bc1d) Importer(815301076,1909f56bfc062723c751e8b465ee728b)
Start importing Assets/OkapiKit/Samples/SideShooter/Data/TagEnemyShot.asset using Guid(43c385caf29257549a7fcb9b5b92bc1d) Importer(815301076,1909f56bfc062723c751e8b465ee728b)  -> (artifact id: '65eade3365dec1727e702413cebf9cb4') in 0.005733 seconds 
========================================================================
Received Import Request.
  Time since last request: 0.000021 seconds.
  path: Assets/OkapiKit/Samples/SpaceInvaders/Data/TagEnemyShot.asset
  artifactKey: Guid(b024f07356167dc4489bd82f16a3ca87) Importer(815301076,1909f56bfc062723c751e8b465ee728b)
Start importing Assets/OkapiKit/Samples/SpaceInvaders/Data/TagEnemyShot.asset using Guid(b024f07356167dc4489bd82f16a3ca87) Importer(815301076,1909f56bfc062723c751e8b465ee728b)  -> (artifact id: 'ab8b4bf88eab3d6a5b5dd36d0f2153b4') in 0.001972 seconds 
========================================================================
Received Import Request.
  Time since last request: 31.673656 seconds.
  path: Assets/TANKWambo/Data/Mouse.asset
  artifactKey: Guid(be6b7975d21e46240a04fa5bac0e2745) Importer(815301076,1909f56bfc062723c751e8b465ee728b)
Start importing Assets/TANKWambo/Data/Mouse.asset using Guid(be6b7975d21e46240a04fa5bac0e2745) Importer(815301076,1909f56bfc062723c751e8b465ee728b)  -> (artifact id: '25bf8f057697885c670d51de336c4638') in 0.007710 seconds 
========================================================================
Received Import Request.
  Time since last request: 0.000015 seconds.
  path: Assets/TANKWambo/Data/Tank.asset
  artifactKey: Guid(037282bf9c2be624db5e4dcee420102a) Importer(815301076,1909f56bfc062723c751e8b465ee728b)
Start importing Assets/TANKWambo/Data/Tank.asset using Guid(037282bf9c2be624db5e4dcee420102a) Importer(815301076,1909f56bfc062723c751e8b465ee728b)  -> (artifact id: 'a145eae466abef1f0c9bec65b4f42873') in 0.006562 seconds 
========================================================================
Received Import Request.
  Time since last request: 0.000016 seconds.
  path: Assets/TANKWambo/Data/Wall.asset
  artifactKey: Guid(5009fc6200a650247b168e79eceb4906) Importer(815301076,1909f56bfc062723c751e8b465ee728b)
Start importing Assets/TANKWambo/Data/Wall.asset using Guid(5009fc6200a650247b168e79eceb4906) Importer(815301076,1909f56bfc062723c751e8b465ee728b)  -> (artifact id: '7a0e9b1242771d0c5039b98965017a87') in 0.005188 seconds 
Editor requested this worker to shutdown with reason: Scaling down because of idle timeout
AssetImportWorker is now disconnected from the server
Process exiting
Exiting without the bug reporter. Application will terminate with return code 0